{"C:\\projects\\savvy-cache\\src\\index.ts": {"path":"C:\\projects\\savvy-cache\\src\\index.ts","statementMap":{"0":{"start":{"line":1,"column":0},"end":{"line":17,"column":2}},"1":{"start":{"line":5,"column":29},"end":{"line":5,"column":30}},"2":{"start":{"line":7,"column":2},"end":{"line":16,"column":4}},"3":{"start":{"line":9,"column":6},"end":{"line":12,"column":null}},"4":{"start":{"line":10,"column":8},"end":{"line":10,"column":50}},"5":{"start":{"line":11,"column":8},"end":{"line":11,"column":42}},"6":{"start":{"line":14,"column":6},"end":{"line":14,"column":29}}},"fnMap":{"0":{"name":"(anonymous_0)","decl":{"start":{"line":1,"column":15},"end":{"line":1,"column":null}},"loc":{"start":{"line":4,"column":4},"end":{"line":17,"column":1}}},"1":{"name":"(anonymous_1)","decl":{"start":{"line":8,"column":9},"end":{"line":8,"column":14}},"loc":{"start":{"line":8,"column":32},"end":{"line":15,"column":5}}}},"branchMap":{"0":{"loc":{"start":{"line":9,"column":6},"end":{"line":12,"column":null}},"type":"if","locations":[{"start":{"line":9,"column":6},"end":{"line":12,"column":null}},{"start":{"line":9,"column":6},"end":{"line":12,"column":null}}]}},"s":{"0":1,"1":2,"2":2,"3":4,"4":3,"5":3,"6":4},"f":{"0":2,"1":4},"b":{"0":[3,1]}}
}
