{
  "C:\\projects\\savvy-cache\\src\\index.ts": {
    "path": "C:\\projects\\savvy-cache\\src\\index.ts",
    "statementMap": {
      "0": {
        "start": { "line": 2, "column": 16 },
        "end": { "line": 2, "column": 33 }
      },
      "1": {
        "start": { "line": 4, "column": 0 },
        "end": { "line": 24, "column": 2 }
      },
      "2": {
        "start": { "line": 8, "column": 19 },
        "end": { "line": 8, "column": 21 }
      },
      "3": {
        "start": { "line": 9, "column": 29 },
        "end": { "line": 9, "column": 30 }
      },
      "4": {
        "start": { "line": 10, "column": 2 },
        "end": { "line": 23, "column": 4 }
      },
      "5": {
        "start": { "line": 12, "column": 21 },
        "end": { "line": 12, "column": 35 }
      },
      "6": {
        "start": { "line": 13, "column": 24 },
        "end": { "line": 13, "column": 89 }
      },
      "7": {
        "start": { "line": 14, "column": 6 },
        "end": { "line": 16, "column": null }
      },
      "8": {
        "start": { "line": 15, "column": 8 },
        "end": { "line": 15, "column": 31 }
      },
      "9": {
        "start": { "line": 18, "column": 6 },
        "end": { "line": 18, "column": 40 }
      },
      "10": {
        "start": { "line": 19, "column": 20 },
        "end": { "line": 19, "column": 47 }
      },
      "11": {
        "start": { "line": 20, "column": 6 },
        "end": { "line": 20, "column": 30 }
      },
      "12": {
        "start": { "line": 21, "column": 6 },
        "end": { "line": 21, "column": 19 }
      }
    },
    "fnMap": {
      "0": {
        "name": "(anonymous_0)",
        "decl": {
          "start": { "line": 4, "column": 15 },
          "end": { "line": 4, "column": null }
        },
        "loc": {
          "start": { "line": 7, "column": 4 },
          "end": { "line": 24, "column": 1 }
        }
      },
      "1": {
        "name": "(anonymous_1)",
        "decl": {
          "start": { "line": 11, "column": 9 },
          "end": { "line": 11, "column": 14 }
        },
        "loc": {
          "start": { "line": 11, "column": 44 },
          "end": { "line": 22, "column": 5 }
        }
      }
    },
    "branchMap": {
      "0": {
        "loc": {
          "start": { "line": 6, "column": 32 },
          "end": { "line": 6, "column": 40 }
        },
        "type": "default-arg",
        "locations": [
          {
            "start": { "line": 6, "column": 32 },
            "end": { "line": 6, "column": 40 }
          }
        ]
      },
      "1": {
        "loc": {
          "start": { "line": 12, "column": 21 },
          "end": { "line": 12, "column": 24 }
        },
        "type": "binary-expr",
        "locations": [
          {
            "start": { "line": 12, "column": 21 },
            "end": { "line": 12, "column": 24 }
          },
          {
            "start": { "line": 12, "column": 28 },
            "end": { "line": 12, "column": 35 }
          }
        ]
      },
      "2": {
        "loc": {
          "start": { "line": 14, "column": 6 },
          "end": { "line": 16, "column": null }
        },
        "type": "if",
        "locations": [
          {
            "start": { "line": 14, "column": 6 },
            "end": { "line": 16, "column": null }
          },
          {
            "start": { "line": 14, "column": 6 },
            "end": { "line": 16, "column": null }
          }
        ]
      },
      "3": {
        "loc": {
          "start": { "line": 14, "column": 10 },
          "end": { "line": 14, "column": 27 }
        },
        "type": "binary-expr",
        "locations": [
          {
            "start": { "line": 14, "column": 10 },
            "end": { "line": 14, "column": 27 }
          },
          {
            "start": { "line": 14, "column": 31 },
            "end": { "line": 14, "column": 41 }
          }
        ]
      }
    },
    "s": {
      "0": 1,
      "1": 1,
      "2": 4,
      "3": 4,
      "4": 4,
      "5": 10,
      "6": 10,
      "7": 10,
      "8": 3,
      "9": 7,
      "10": 7,
      "11": 7,
      "12": 7
    },
    "f": { "0": 4, "1": 10 },
    "b": { "0": [1], "1": [10, 4], "2": [3, 7], "3": [10, 5] }
  }
}
